Started GET "/cable" for ::1 at 2016-12-27 14:24:38 -0800
  [1m[36mActiveRecord::SchemaMigration Load (0.2ms)[0m  [1m[34mSELECT "schema_migrations".* FROM "schema_migrations"[0m
Started GET "/cable/" [WebSocket] for ::1 at 2016-12-27 14:24:39 -0800
Request origin not allowed: http://localhost:8080
Failed to upgrade to WebSocket (REQUEST_METHOD: GET, HTTP_CONNECTION: Upgrade, HTTP_UPGRADE: websocket)
Finished "/cable/" [WebSocket] for ::1 at 2016-12-27 14:24:39 -0800
Started GET "/cable" for ::1 at 2016-12-27 14:24:40 -0800
Started GET "/cable/" [WebSocket] for ::1 at 2016-12-27 14:24:40 -0800
Request origin not allowed: http://localhost:8080
Failed to upgrade to WebSocket (REQUEST_METHOD: GET, HTTP_CONNECTION: Upgrade, HTTP_UPGRADE: websocket)
Finished "/cable/" [WebSocket] for ::1 at 2016-12-27 14:24:40 -0800
Started GET "/events" for ::1 at 2016-12-27 14:24:51 -0800
Processing by EventsController#index as HTML
  [1m[36mUser Load (0.6ms)[0m  [1m[34mSELECT  "users".* FROM "users" WHERE "users"."id" = ? LIMIT ?[0m  [["id", 1], ["LIMIT", 1]]
  [1m[36mEvent Load (0.2ms)[0m  [1m[34mSELECT "events".* FROM "events"[0m
Completed 200 OK in 133ms (Views: 72.0ms | ActiveRecord: 3.6ms)


Started GET "/events" for ::1 at 2016-12-27 14:52:16 -0800
Processing by EventsController#index as HTML
  [1m[36mUser Load (0.6ms)[0m  [1m[34mSELECT  "users".* FROM "users" WHERE "users"."id" = ? LIMIT ?[0m  [["id", 1], ["LIMIT", 1]]
  [1m[36mEvent Load (1.3ms)[0m  [1m[34mSELECT "events".* FROM "events"[0m
Completed 200 OK in 16ms (Views: 5.5ms | ActiveRecord: 1.9ms)


Started GET "/cable" for ::1 at 2016-12-28 16:48:52 -0800
  [1m[36mActiveRecord::SchemaMigration Load (0.1ms)[0m  [1m[34mSELECT "schema_migrations".* FROM "schema_migrations"[0m
Started GET "/cable/"[non-WebSocket] for ::1 at 2016-12-28 16:48:52 -0800
Failed to upgrade to WebSocket (REQUEST_METHOD: GET, HTTP_CONNECTION: keep-alive, HTTP_UPGRADE: )
Finished "/cable/"[non-WebSocket] for ::1 at 2016-12-28 16:48:52 -0800
Started GET "/events" for ::1 at 2016-12-28 18:31:43 -0800
  [1m[36mActiveRecord::SchemaMigration Load (0.3ms)[0m  [1m[34mSELECT "schema_migrations".* FROM "schema_migrations"[0m
Processing by EventsController#index as HTML
Filter chain halted as :authenticate_request rendered or redirected
Completed 401 Unauthorized in 5ms (Views: 1.1ms | ActiveRecord: 0.0ms)


Started POST "/signin" for ::1 at 2016-12-28 18:32:01 -0800
Processing by AuthenticationController#authenticate as HTML
  Parameters: {"email"=>"lmnop", "password"=>"[FILTERED]", "authentication"=>{"email"=>"lmnop", "password"=>"[FILTERED]"}}
  [1m[36mUser Load (0.6ms)[0m  [1m[34mSELECT  "users".* FROM "users" WHERE "users"."email" = ? LIMIT ?[0m  [["email", "lmnop"], ["LIMIT", 1]]
  [1m[36mCACHE (0.0ms)[0m  [1m[34mSELECT  "users".* FROM "users" WHERE "users"."email" = ? LIMIT ?[0m  [["email", "lmnop"], ["LIMIT", 1]]
Completed 200 OK in 165ms (Views: 0.2ms | ActiveRecord: 1.6ms)


Started GET "/events" for ::1 at 2016-12-28 18:32:01 -0800
Processing by EventsController#index as HTML
Filter chain halted as :authenticate_request rendered or redirected
Completed 401 Unauthorized in 1ms (Views: 0.2ms | ActiveRecord: 0.0ms)


Started POST "/signin" for ::1 at 2016-12-28 18:32:12 -0800
Processing by AuthenticationController#authenticate as HTML
  Parameters: {"email"=>"lmnop", "password"=>"[FILTERED]", "authentication"=>{"email"=>"lmnop", "password"=>"[FILTERED]"}}
  [1m[36mUser Load (0.1ms)[0m  [1m[34mSELECT  "users".* FROM "users" WHERE "users"."email" = ? LIMIT ?[0m  [["email", "lmnop"], ["LIMIT", 1]]
  [1m[36mCACHE (0.0ms)[0m  [1m[34mSELECT  "users".* FROM "users" WHERE "users"."email" = ? LIMIT ?[0m  [["email", "lmnop"], ["LIMIT", 1]]
Completed 200 OK in 144ms (Views: 0.2ms | ActiveRecord: 0.1ms)


Started GET "/events" for ::1 at 2016-12-28 18:32:12 -0800
Processing by EventsController#index as HTML
Filter chain halted as :authenticate_request rendered or redirected
Completed 401 Unauthorized in 1ms (Views: 0.1ms | ActiveRecord: 0.0ms)


Started POST "/signup" for ::1 at 2016-12-28 18:32:42 -0800
Processing by UsersController#create as HTML
  Parameters: {"email"=>"q", "password"=>"[FILTERED]", "user"=>{"email"=>"q"}}
  [1m[36mUser Load (0.1ms)[0m  [1m[34mSELECT  "users".* FROM "users" WHERE "users"."email" = ? LIMIT ?[0m  [["email", "q"], ["LIMIT", 1]]
  [1m[35m (0.4ms)[0m  [1m[36mbegin transaction[0m
  [1m[36mUser Exists (0.5ms)[0m  [1m[34mSELECT  1 AS one FROM "users" WHERE LOWER("users"."email") = LOWER(?) LIMIT ?[0m  [["email", "q"], ["LIMIT", 1]]
  [1m[35mSQL (2.7ms)[0m  [1m[32mINSERT INTO "users" ("email", "password_digest", "created_at", "updated_at") VALUES (?, ?, ?, ?)[0m  [["email", "q"], ["password_digest", "$2a$10$E5qVM0Pep5IjEkK2Oh95wugSWPIHe1EHziDjf6ZSwk5ReOTZHYxkq"], ["created_at", 2016-12-29 02:32:42 UTC], ["updated_at", 2016-12-29 02:32:42 UTC]]
  [1m[35m (0.9ms)[0m  [1m[36mcommit transaction[0m
  [1m[36mUser Load (0.1ms)[0m  [1m[34mSELECT  "users".* FROM "users" WHERE "users"."email" = ? LIMIT ?[0m  [["email", "q"], ["LIMIT", 1]]
  [1m[36mCACHE (0.0ms)[0m  [1m[34mSELECT  "users".* FROM "users" WHERE "users"."email" = ? LIMIT ?[0m  [["email", "q"], ["LIMIT", 1]]
Completed 200 OK in 300ms (Views: 0.3ms | ActiveRecord: 4.7ms)


Started GET "/events" for ::1 at 2016-12-28 18:32:42 -0800
Processing by EventsController#index as HTML
Filter chain halted as :authenticate_request rendered or redirected
Completed 401 Unauthorized in 1ms (Views: 0.1ms | ActiveRecord: 0.0ms)


Started GET "/events" for ::1 at 2016-12-28 18:33:37 -0800
Processing by EventsController#index as HTML
  [1m[36mUser Load (0.2ms)[0m  [1m[34mSELECT  "users".* FROM "users" WHERE "users"."id" = ? LIMIT ?[0m  [["id", 3], ["LIMIT", 1]]
  [1m[36mEvent Load (0.5ms)[0m  [1m[34mSELECT "events".* FROM "events"[0m
Completed 200 OK in 61ms (Views: 45.2ms | ActiveRecord: 1.5ms)


Started GET "/events/1/chatroom" for ::1 at 2016-12-28 18:33:52 -0800
Processing by ChatroomController#show as HTML
  Parameters: {"id"=>"1"}
  [1m[36mUser Load (0.2ms)[0m  [1m[34mSELECT  "users".* FROM "users" WHERE "users"."id" = ? LIMIT ?[0m  [["id", 3], ["LIMIT", 1]]
  [1m[36mChatRoom Load (0.1ms)[0m  [1m[34mSELECT  "chat_rooms".* FROM "chat_rooms" WHERE "chat_rooms"."id" = ? LIMIT ?[0m  [["id", 1], ["LIMIT", 1]]
  [1m[36mMessage Load (0.3ms)[0m  [1m[34mSELECT "messages".* FROM "messages" WHERE "messages"."chat_room_id" = ?[0m  [["chat_room_id", 1]]
Completed 200 OK in 43ms (Views: 13.8ms | ActiveRecord: 1.8ms)


Started POST "/events/1/chatroom" for ::1 at 2016-12-28 18:33:56 -0800
Processing by ChatroomController#message as HTML
  Parameters: {"message"=>"WorD!", "id"=>"1", "chatroom"=>{"message"=>"WorD!", "id"=>"1"}}
  [1m[36mUser Load (0.2ms)[0m  [1m[34mSELECT  "users".* FROM "users" WHERE "users"."id" = ? LIMIT ?[0m  [["id", 3], ["LIMIT", 1]]
  [1m[36mCACHE (0.0ms)[0m  [1m[34mSELECT  "users".* FROM "users" WHERE "users"."id" = ? LIMIT ?[0m  [["id", 3], ["LIMIT", 1]]
Completed 500 Internal Server Error in 3ms (ActiveRecord: 0.2ms)


  
ActiveModel::UnknownAttributeError (unknown attribute 'content' for Message.):
  
app/controllers/chatroom_controller.rb:11:in `message'
  [1m[36mActiveRecord::SchemaMigration Load (0.1ms)[0m  [1m[34mSELECT "schema_migrations".* FROM "schema_migrations"[0m
  [1m[35m (0.5ms)[0m  [1m[34mSELECT "ar_internal_metadata"."value" FROM "ar_internal_metadata" WHERE "ar_internal_metadata"."key" = ?[0m  [["key", :environment]]
  [1m[36mActiveRecord::SchemaMigration Load (0.2ms)[0m  [1m[34mSELECT "schema_migrations".* FROM "schema_migrations"[0m
  [1m[35m (0.1ms)[0m  [1m[34mSELECT "ar_internal_metadata"."value" FROM "ar_internal_metadata" WHERE "ar_internal_metadata"."key" = ?[0m  [["key", :environment]]
  [1m[36mActiveRecord::SchemaMigration Load (0.0ms)[0m  [1m[34mSELECT "schema_migrations".* FROM "schema_migrations"[0m
  [1m[35m (0.1ms)[0m  [1m[34mSELECT "ar_internal_metadata"."value" FROM "ar_internal_metadata" WHERE "ar_internal_metadata"."key" = ?[0m  [["key", :environment]]
  [1m[35m (1.6ms)[0m  [1m[35mCREATE TABLE "schema_migrations" ("version" varchar NOT NULL PRIMARY KEY)[0m
  [1m[35m (1.0ms)[0m  [1m[35mCREATE TABLE "ar_internal_metadata" ("key" varchar NOT NULL PRIMARY KEY, "value" varchar, "created_at" datetime NOT NULL, "updated_at" datetime NOT NULL)[0m
  [1m[36mActiveRecord::SchemaMigration Load (0.2ms)[0m  [1m[34mSELECT "schema_migrations".* FROM "schema_migrations"[0m
Migrating to CreateUsers (20161207002808)
  [1m[35m (0.1ms)[0m  [1m[36mbegin transaction[0m
  [1m[35m (0.5ms)[0m  [1m[35mCREATE TABLE "users" ("id" INTEGER PRIMARY KEY AUTOINCREMENT NOT NULL, "email" varchar, "password_digest" varchar, "created_at" datetime NOT NULL, "updated_at" datetime NOT NULL)[0m
  [1m[35mSQL (0.8ms)[0m  [1m[32mINSERT INTO "schema_migrations" ("version") VALUES (?)[0m  [["version", "20161207002808"]]
  [1m[35m (0.7ms)[0m  [1m[36mcommit transaction[0m
Migrating to CreateEvents (20161207004732)
  [1m[35m (0.1ms)[0m  [1m[36mbegin transaction[0m
  [1m[35m (1.2ms)[0m  [1m[35mCREATE TABLE "events" ("id" INTEGER PRIMARY KEY AUTOINCREMENT NOT NULL, "title" varchar, "description" varchar, "address" varchar, "lng" varchar, "lat" varchar, "user_id" integer, "showInfo" boolean, "created_at" datetime NOT NULL, "updated_at" datetime NOT NULL)[0m
  [1m[35mSQL (0.2ms)[0m  [1m[32mINSERT INTO "schema_migrations" ("version") VALUES (?)[0m  [["version", "20161207004732"]]
  [1m[35m (0.6ms)[0m  [1m[36mcommit transaction[0m
Migrating to CreateChatRooms (20161217222026)
  [1m[35m (0.1ms)[0m  [1m[36mbegin transaction[0m
  [1m[35m (0.5ms)[0m  [1m[35mCREATE TABLE "chat_rooms" ("id" INTEGER PRIMARY KEY AUTOINCREMENT NOT NULL, "user_id" integer, "event_id" integer, "title" varchar, "created_at" datetime NOT NULL, "updated_at" datetime NOT NULL)[0m
  [1m[35mSQL (1.8ms)[0m  [1m[32mINSERT INTO "schema_migrations" ("version") VALUES (?)[0m  [["version", "20161217222026"]]
  [1m[35m (1.1ms)[0m  [1m[36mcommit transaction[0m
Migrating to CreateMessages (20161217222248)
  [1m[35m (0.2ms)[0m  [1m[36mbegin transaction[0m
  [1m[35m (0.5ms)[0m  [1m[35mCREATE TABLE "messages" ("id" INTEGER PRIMARY KEY AUTOINCREMENT NOT NULL, "content" varchar, "chat_room_id" integer, "user_id" integer, "user_email" varchar, "created_at" datetime NOT NULL, "updated_at" datetime NOT NULL)[0m
  [1m[35mSQL (0.1ms)[0m  [1m[32mINSERT INTO "schema_migrations" ("version") VALUES (?)[0m  [["version", "20161217222248"]]
  [1m[35m (0.6ms)[0m  [1m[36mcommit transaction[0m
  [1m[36mActiveRecord::InternalMetadata Load (3.0ms)[0m  [1m[34mSELECT  "ar_internal_metadata".* FROM "ar_internal_metadata" WHERE "ar_internal_metadata"."key" = ? LIMIT ?[0m  [["key", :environment], ["LIMIT", 1]]
  [1m[35m (0.1ms)[0m  [1m[36mbegin transaction[0m
  [1m[35mSQL (4.6ms)[0m  [1m[32mINSERT INTO "ar_internal_metadata" ("key", "value", "created_at", "updated_at") VALUES (?, ?, ?, ?)[0m  [["key", "environment"], ["value", "development"], ["created_at", 2016-12-29 02:36:28 UTC], ["updated_at", 2016-12-29 02:36:28 UTC]]
  [1m[35m (0.8ms)[0m  [1m[36mcommit transaction[0m
  [1m[36mActiveRecord::SchemaMigration Load (0.1ms)[0m  [1m[34mSELECT "schema_migrations".* FROM "schema_migrations"[0m
  [1m[36mActiveRecord::SchemaMigration Load (0.1ms)[0m  [1m[34mSELECT "schema_migrations".* FROM "schema_migrations"[0m
  [1m[35m (0.2ms)[0m  [1m[36mbegin transaction[0m
  [1m[36mUser Exists (0.2ms)[0m  [1m[34mSELECT  1 AS one FROM "users" WHERE LOWER("users"."email") = LOWER(?) LIMIT ?[0m  [["email", "lmnop"], ["LIMIT", 1]]
  [1m[35mSQL (0.4ms)[0m  [1m[32mINSERT INTO "users" ("email", "password_digest", "created_at", "updated_at") VALUES (?, ?, ?, ?)[0m  [["email", "lmnop"], ["password_digest", "$2a$10$UxNqaI6215fu903f53QseOzNimcLmL8N2hZip/Kps7D2vxtHOc5f2"], ["created_at", 2016-12-29 02:36:32 UTC], ["updated_at", 2016-12-29 02:36:32 UTC]]
  [1m[35m (0.5ms)[0m  [1m[36mcommit transaction[0m
  [1m[35m (0.2ms)[0m  [1m[36mbegin transaction[0m
  [1m[36mUser Exists (0.4ms)[0m  [1m[34mSELECT  1 AS one FROM "users" WHERE LOWER("users"."email") = LOWER(?) LIMIT ?[0m  [["email", "peas"], ["LIMIT", 1]]
  [1m[35mSQL (0.5ms)[0m  [1m[32mINSERT INTO "users" ("email", "password_digest", "created_at", "updated_at") VALUES (?, ?, ?, ?)[0m  [["email", "peas"], ["password_digest", "$2a$10$QNTcp6zBNESaFjj5cRrrxO047yWIDtcsVjQdXtwbPzfkaFdLPqZsy"], ["created_at", 2016-12-29 02:36:32 UTC], ["updated_at", 2016-12-29 02:36:32 UTC]]
  [1m[35m (1.1ms)[0m  [1m[36mcommit transaction[0m
  [1m[35m (0.1ms)[0m  [1m[36mbegin transaction[0m
  [1m[36mUser Load (0.2ms)[0m  [1m[34mSELECT  "users".* FROM "users" WHERE "users"."id" = ? LIMIT ?[0m  [["id", 1], ["LIMIT", 1]]
  [1m[35mSQL (0.8ms)[0m  [1m[32mINSERT INTO "events" ("title", "description", "address", "lng", "lat", "user_id", "showInfo", "created_at", "updated_at") VALUES (?, ?, ?, ?, ?, ?, ?, ?, ?)[0m  [["title", "RockClimb"], ["description", "Climb The World"], ["address", "Anaheim, CA"], ["lng", "-117.914505"], ["lat", "33.835293"], ["user_id", 1], ["showInfo", false], ["created_at", 2016-12-29 02:36:32 UTC], ["updated_at", 2016-12-29 02:36:32 UTC]]
  [1m[35m (0.8ms)[0m  [1m[36mcommit transaction[0m
  [1m[35m (0.1ms)[0m  [1m[36mbegin transaction[0m
  [1m[36mUser Load (0.1ms)[0m  [1m[34mSELECT  "users".* FROM "users" WHERE "users"."id" = ? LIMIT ?[0m  [["id", 2], ["LIMIT", 1]]
  [1m[35mSQL (0.3ms)[0m  [1m[32mINSERT INTO "events" ("title", "description", "address", "lng", "lat", "user_id", "showInfo", "created_at", "updated_at") VALUES (?, ?, ?, ?, ?, ?, ?, ?, ?)[0m  [["title", "Swim"], ["description", "Swim Now"], ["address", "Cerritos, CA"], ["lng", "118.0648"], ["lat", "33.8583"], ["user_id", 2], ["showInfo", false], ["created_at", 2016-12-29 02:36:32 UTC], ["updated_at", 2016-12-29 02:36:32 UTC]]
  [1m[35m (0.5ms)[0m  [1m[36mcommit transaction[0m
  [1m[35m (0.1ms)[0m  [1m[36mbegin transaction[0m
  [1m[36mEvent Load (0.6ms)[0m  [1m[34mSELECT  "events".* FROM "events" WHERE "events"."id" = ? LIMIT ?[0m  [["id", 1], ["LIMIT", 1]]
  [1m[35mSQL (0.6ms)[0m  [1m[32mINSERT INTO "chat_rooms" ("user_id", "event_id", "title", "created_at", "updated_at") VALUES (?, ?, ?, ?, ?)[0m  [["user_id", 1], ["event_id", 1], ["title", "RockClimb"], ["created_at", 2016-12-29 02:36:33 UTC], ["updated_at", 2016-12-29 02:36:33 UTC]]
  [1m[35m (1.1ms)[0m  [1m[36mcommit transaction[0m
  [1m[35m (0.4ms)[0m  [1m[36mbegin transaction[0m
  [1m[36mEvent Load (0.5ms)[0m  [1m[34mSELECT  "events".* FROM "events" WHERE "events"."id" = ? LIMIT ?[0m  [["id", 2], ["LIMIT", 1]]
  [1m[35mSQL (0.7ms)[0m  [1m[32mINSERT INTO "chat_rooms" ("user_id", "event_id", "title", "created_at", "updated_at") VALUES (?, ?, ?, ?, ?)[0m  [["user_id", 2], ["event_id", 2], ["title", "Swim Now"], ["created_at", 2016-12-29 02:36:33 UTC], ["updated_at", 2016-12-29 02:36:33 UTC]]
  [1m[35m (0.8ms)[0m  [1m[36mcommit transaction[0m
  [1m[35m (0.2ms)[0m  [1m[36mbegin transaction[0m
  [1m[36mChatRoom Load (0.3ms)[0m  [1m[34mSELECT  "chat_rooms".* FROM "chat_rooms" WHERE "chat_rooms"."id" = ? LIMIT ?[0m  [["id", 1], ["LIMIT", 1]]
  [1m[36mUser Load (0.1ms)[0m  [1m[34mSELECT  "users".* FROM "users" WHERE "users"."id" = ? LIMIT ?[0m  [["id", 1], ["LIMIT", 1]]
  [1m[35mSQL (0.3ms)[0m  [1m[32mINSERT INTO "messages" ("content", "chat_room_id", "user_id", "user_email", "created_at", "updated_at") VALUES (?, ?, ?, ?, ?, ?)[0m  [["content", "Hey!"], ["chat_room_id", 1], ["user_id", 1], ["user_email", "lmnop"], ["created_at", 2016-12-29 02:36:33 UTC], ["updated_at", 2016-12-29 02:36:33 UTC]]
  [1m[35m (0.7ms)[0m  [1m[36mcommit transaction[0m
  [1m[35m (0.1ms)[0m  [1m[36mbegin transaction[0m
  [1m[36mChatRoom Load (0.1ms)[0m  [1m[34mSELECT  "chat_rooms".* FROM "chat_rooms" WHERE "chat_rooms"."id" = ? LIMIT ?[0m  [["id", 1], ["LIMIT", 1]]
  [1m[36mUser Load (0.0ms)[0m  [1m[34mSELECT  "users".* FROM "users" WHERE "users"."id" = ? LIMIT ?[0m  [["id", 2], ["LIMIT", 1]]
  [1m[35mSQL (0.2ms)[0m  [1m[32mINSERT INTO "messages" ("content", "chat_room_id", "user_id", "user_email", "created_at", "updated_at") VALUES (?, ?, ?, ?, ?, ?)[0m  [["content", "Hey!"], ["chat_room_id", 1], ["user_id", 2], ["user_email", "peas"], ["created_at", 2016-12-29 02:36:33 UTC], ["updated_at", 2016-12-29 02:36:33 UTC]]
  [1m[35m (0.6ms)[0m  [1m[36mcommit transaction[0m
  [1m[35m (0.0ms)[0m  [1m[36mbegin transaction[0m
  [1m[36mChatRoom Load (0.1ms)[0m  [1m[34mSELECT  "chat_rooms".* FROM "chat_rooms" WHERE "chat_rooms"."id" = ? LIMIT ?[0m  [["id", 1], ["LIMIT", 1]]
  [1m[36mUser Load (0.1ms)[0m  [1m[34mSELECT  "users".* FROM "users" WHERE "users"."id" = ? LIMIT ?[0m  [["id", 1], ["LIMIT", 1]]
  [1m[35mSQL (0.3ms)[0m  [1m[32mINSERT INTO "messages" ("content", "chat_room_id", "user_id", "user_email", "created_at", "updated_at") VALUES (?, ?, ?, ?, ?, ?)[0m  [["content", "How You Been?"], ["chat_room_id", 1], ["user_id", 1], ["user_email", "lmnop"], ["created_at", 2016-12-29 02:36:33 UTC], ["updated_at", 2016-12-29 02:36:33 UTC]]
  [1m[35m (0.7ms)[0m  [1m[36mcommit transaction[0m
  [1m[35m (0.0ms)[0m  [1m[36mbegin transaction[0m
  [1m[36mChatRoom Load (0.7ms)[0m  [1m[34mSELECT  "chat_rooms".* FROM "chat_rooms" WHERE "chat_rooms"."id" = ? LIMIT ?[0m  [["id", 1], ["LIMIT", 1]]
  [1m[36mUser Load (0.1ms)[0m  [1m[34mSELECT  "users".* FROM "users" WHERE "users"."id" = ? LIMIT ?[0m  [["id", 2], ["LIMIT", 1]]
  [1m[35mSQL (0.4ms)[0m  [1m[32mINSERT INTO "messages" ("content", "chat_room_id", "user_id", "user_email", "created_at", "updated_at") VALUES (?, ?, ?, ?, ?, ?)[0m  [["content", "Me Chillin, Hbu?"], ["chat_room_id", 1], ["user_id", 2], ["user_email", "lmnop"], ["created_at", 2016-12-29 02:36:33 UTC], ["updated_at", 2016-12-29 02:36:33 UTC]]
  [1m[35m (3.2ms)[0m  [1m[36mcommit transaction[0m
Started GET "/events/1/chatroom" for ::1 at 2016-12-28 18:36:45 -0800
  [1m[36mActiveRecord::SchemaMigration Load (0.2ms)[0m  [1m[34mSELECT "schema_migrations".* FROM "schema_migrations"[0m
Processing by ChatroomController#show as HTML
  Parameters: {"id"=>"1"}
  [1m[36mUser Load (0.5ms)[0m  [1m[34mSELECT  "users".* FROM "users" WHERE "users"."id" = ? LIMIT ?[0m  [["id", 3], ["LIMIT", 1]]
Completed 404 Not Found in 19ms (ActiveRecord: 1.0ms)


  
ActiveRecord::RecordNotFound (Couldn't find User with 'id'=3):
  
app/commands/authorize_api_request.rb:17:in `user'
app/commands/authorize_api_request.rb:9:in `call'
app/controllers/application_controller.rb:10:in `authenticate_request'
Started GET "/events" for ::1 at 2016-12-28 18:36:47 -0800
Processing by EventsController#index as HTML
  [1m[36mUser Load (0.5ms)[0m  [1m[34mSELECT  "users".* FROM "users" WHERE "users"."id" = ? LIMIT ?[0m  [["id", 3], ["LIMIT", 1]]
Completed 404 Not Found in 2ms (ActiveRecord: 0.5ms)


  
ActiveRecord::RecordNotFound (Couldn't find User with 'id'=3):
  
app/commands/authorize_api_request.rb:17:in `user'
app/commands/authorize_api_request.rb:9:in `call'
app/controllers/application_controller.rb:10:in `authenticate_request'
Started POST "/signin" for ::1 at 2016-12-28 18:36:56 -0800
Processing by AuthenticationController#authenticate as HTML
  Parameters: {"email"=>"lmnop", "password"=>"[FILTERED]", "authentication"=>{"email"=>"lmnop", "password"=>"[FILTERED]"}}
  [1m[36mUser Load (0.2ms)[0m  [1m[34mSELECT  "users".* FROM "users" WHERE "users"."email" = ? LIMIT ?[0m  [["email", "lmnop"], ["LIMIT", 1]]
  [1m[36mCACHE (0.0ms)[0m  [1m[34mSELECT  "users".* FROM "users" WHERE "users"."email" = ? LIMIT ?[0m  [["email", "lmnop"], ["LIMIT", 1]]
Completed 200 OK in 152ms (Views: 0.2ms | ActiveRecord: 0.3ms)


Started GET "/events" for ::1 at 2016-12-28 18:36:57 -0800
Processing by EventsController#index as HTML
  [1m[36mUser Load (0.2ms)[0m  [1m[34mSELECT  "users".* FROM "users" WHERE "users"."id" = ? LIMIT ?[0m  [["id", 3], ["LIMIT", 1]]
Completed 404 Not Found in 1ms (ActiveRecord: 0.2ms)


  
ActiveRecord::RecordNotFound (Couldn't find User with 'id'=3):
  
app/commands/authorize_api_request.rb:17:in `user'
app/commands/authorize_api_request.rb:9:in `call'
app/controllers/application_controller.rb:10:in `authenticate_request'
Started GET "/events" for ::1 at 2016-12-28 18:37:04 -0800
Processing by EventsController#index as HTML
  [1m[36mUser Load (0.2ms)[0m  [1m[34mSELECT  "users".* FROM "users" WHERE "users"."id" = ? LIMIT ?[0m  [["id", 3], ["LIMIT", 1]]
Completed 404 Not Found in 1ms (ActiveRecord: 0.2ms)


  
ActiveRecord::RecordNotFound (Couldn't find User with 'id'=3):
  
app/commands/authorize_api_request.rb:17:in `user'
app/commands/authorize_api_request.rb:9:in `call'
app/controllers/application_controller.rb:10:in `authenticate_request'
Started GET "/events/undefined/chatroom" for ::1 at 2016-12-28 18:37:11 -0800
Processing by ChatroomController#show as HTML
  Parameters: {"id"=>"undefined"}
  [1m[36mUser Load (0.2ms)[0m  [1m[34mSELECT  "users".* FROM "users" WHERE "users"."id" = ? LIMIT ?[0m  [["id", 3], ["LIMIT", 1]]
Completed 404 Not Found in 1ms (ActiveRecord: 0.2ms)


  
ActiveRecord::RecordNotFound (Couldn't find User with 'id'=3):
  
app/commands/authorize_api_request.rb:17:in `user'
app/commands/authorize_api_request.rb:9:in `call'
app/controllers/application_controller.rb:10:in `authenticate_request'
Started GET "/events" for ::1 at 2016-12-28 18:37:14 -0800
Processing by EventsController#index as HTML
  [1m[36mUser Load (0.1ms)[0m  [1m[34mSELECT  "users".* FROM "users" WHERE "users"."id" = ? LIMIT ?[0m  [["id", 3], ["LIMIT", 1]]
Completed 404 Not Found in 1ms (ActiveRecord: 0.1ms)


  
ActiveRecord::RecordNotFound (Couldn't find User with 'id'=3):
  
app/commands/authorize_api_request.rb:17:in `user'
app/commands/authorize_api_request.rb:9:in `call'
app/controllers/application_controller.rb:10:in `authenticate_request'
Started POST "/signin" for ::1 at 2016-12-28 18:39:08 -0800
Processing by AuthenticationController#authenticate as HTML
  Parameters: {"email"=>"lmnop", "password"=>"[FILTERED]", "authentication"=>{"email"=>"lmnop", "password"=>"[FILTERED]"}}
  [1m[36mUser Load (0.1ms)[0m  [1m[34mSELECT  "users".* FROM "users" WHERE "users"."email" = ? LIMIT ?[0m  [["email", "lmnop"], ["LIMIT", 1]]
  [1m[36mCACHE (0.0ms)[0m  [1m[34mSELECT  "users".* FROM "users" WHERE "users"."email" = ? LIMIT ?[0m  [["email", "lmnop"], ["LIMIT", 1]]
Completed 200 OK in 144ms (Views: 0.1ms | ActiveRecord: 0.1ms)


Started GET "/events" for ::1 at 2016-12-28 18:39:09 -0800
Processing by EventsController#index as HTML
Filter chain halted as :authenticate_request rendered or redirected
Completed 401 Unauthorized in 1ms (Views: 0.2ms | ActiveRecord: 0.0ms)


Started GET "/events" for ::1 at 2016-12-28 18:39:15 -0800
Processing by EventsController#index as HTML
  [1m[36mUser Load (0.1ms)[0m  [1m[34mSELECT  "users".* FROM "users" WHERE "users"."id" = ? LIMIT ?[0m  [["id", 1], ["LIMIT", 1]]
  [1m[36mEvent Load (0.4ms)[0m  [1m[34mSELECT "events".* FROM "events"[0m
Completed 200 OK in 20ms (Views: 10.6ms | ActiveRecord: 1.2ms)


Started GET "/events/1/chatroom" for ::1 at 2016-12-28 18:39:23 -0800
Processing by ChatroomController#show as HTML
  Parameters: {"id"=>"1"}
  [1m[36mUser Load (0.1ms)[0m  [1m[34mSELECT  "users".* FROM "users" WHERE "users"."id" = ? LIMIT ?[0m  [["id", 1], ["LIMIT", 1]]
  [1m[36mChatRoom Load (0.2ms)[0m  [1m[34mSELECT  "chat_rooms".* FROM "chat_rooms" WHERE "chat_rooms"."id" = ? LIMIT ?[0m  [["id", 1], ["LIMIT", 1]]
  [1m[36mMessage Load (0.2ms)[0m  [1m[34mSELECT "messages".* FROM "messages" WHERE "messages"."chat_room_id" = ?[0m  [["chat_room_id", 1]]
Completed 200 OK in 77ms (Views: 10.3ms | ActiveRecord: 4.6ms)


Started GET "/events/1/chatroom" for ::1 at 2016-12-28 18:39:27 -0800
Processing by ChatroomController#show as HTML
  Parameters: {"id"=>"1"}
  [1m[36mUser Load (0.1ms)[0m  [1m[34mSELECT  "users".* FROM "users" WHERE "users"."id" = ? LIMIT ?[0m  [["id", 1], ["LIMIT", 1]]
  [1m[36mChatRoom Load (0.2ms)[0m  [1m[34mSELECT  "chat_rooms".* FROM "chat_rooms" WHERE "chat_rooms"."id" = ? LIMIT ?[0m  [["id", 1], ["LIMIT", 1]]
  [1m[36mMessage Load (0.2ms)[0m  [1m[34mSELECT "messages".* FROM "messages" WHERE "messages"."chat_room_id" = ?[0m  [["chat_room_id", 1]]
Completed 200 OK in 6ms (Views: 2.1ms | ActiveRecord: 0.5ms)


Started GET "/events" for ::1 at 2016-12-28 18:42:39 -0800
Processing by EventsController#index as HTML
  [1m[36mUser Load (0.1ms)[0m  [1m[34mSELECT  "users".* FROM "users" WHERE "users"."id" = ? LIMIT ?[0m  [["id", 1], ["LIMIT", 1]]
  [1m[36mEvent Load (0.2ms)[0m  [1m[34mSELECT "events".* FROM "events"[0m
Completed 200 OK in 3ms (Views: 1.6ms | ActiveRecord: 0.3ms)


Started GET "/events/1/chatroom" for ::1 at 2016-12-28 18:42:46 -0800
Processing by ChatroomController#show as HTML
  Parameters: {"id"=>"1"}
  [1m[36mUser Load (0.1ms)[0m  [1m[34mSELECT  "users".* FROM "users" WHERE "users"."id" = ? LIMIT ?[0m  [["id", 1], ["LIMIT", 1]]
  [1m[36mChatRoom Load (0.1ms)[0m  [1m[34mSELECT  "chat_rooms".* FROM "chat_rooms" WHERE "chat_rooms"."id" = ? LIMIT ?[0m  [["id", 1], ["LIMIT", 1]]
  [1m[36mMessage Load (0.1ms)[0m  [1m[34mSELECT "messages".* FROM "messages" WHERE "messages"."chat_room_id" = ?[0m  [["chat_room_id", 1]]
Completed 200 OK in 6ms (Views: 2.5ms | ActiveRecord: 0.4ms)


Started GET "/events" for ::1 at 2016-12-28 18:42:48 -0800
Processing by EventsController#index as HTML
  [1m[36mUser Load (0.4ms)[0m  [1m[34mSELECT  "users".* FROM "users" WHERE "users"."id" = ? LIMIT ?[0m  [["id", 1], ["LIMIT", 1]]
  [1m[36mEvent Load (0.3ms)[0m  [1m[34mSELECT "events".* FROM "events"[0m
Completed 200 OK in 7ms (Views: 1.9ms | ActiveRecord: 0.6ms)


Started GET "/events" for ::1 at 2016-12-28 18:42:51 -0800
Processing by EventsController#index as HTML
  [1m[36mUser Load (0.1ms)[0m  [1m[34mSELECT  "users".* FROM "users" WHERE "users"."id" = ? LIMIT ?[0m  [["id", 1], ["LIMIT", 1]]
  [1m[36mEvent Load (0.1ms)[0m  [1m[34mSELECT "events".* FROM "events"[0m
Completed 200 OK in 2ms (Views: 1.1ms | ActiveRecord: 0.2ms)


Started GET "/events/1/chatroom" for ::1 at 2016-12-28 18:43:05 -0800
Processing by ChatroomController#show as HTML
  Parameters: {"id"=>"1"}
  [1m[36mUser Load (0.1ms)[0m  [1m[34mSELECT  "users".* FROM "users" WHERE "users"."id" = ? LIMIT ?[0m  [["id", 1], ["LIMIT", 1]]
  [1m[36mChatRoom Load (0.1ms)[0m  [1m[34mSELECT  "chat_rooms".* FROM "chat_rooms" WHERE "chat_rooms"."id" = ? LIMIT ?[0m  [["id", 1], ["LIMIT", 1]]
  [1m[36mMessage Load (0.2ms)[0m  [1m[34mSELECT "messages".* FROM "messages" WHERE "messages"."chat_room_id" = ?[0m  [["chat_room_id", 1]]
Completed 200 OK in 6ms (Views: 2.7ms | ActiveRecord: 0.5ms)


Started GET "/events/1/chatroom" for ::1 at 2016-12-28 18:43:08 -0800
Processing by ChatroomController#show as HTML
  Parameters: {"id"=>"1"}
  [1m[36mUser Load (0.1ms)[0m  [1m[34mSELECT  "users".* FROM "users" WHERE "users"."id" = ? LIMIT ?[0m  [["id", 1], ["LIMIT", 1]]
  [1m[36mChatRoom Load (0.1ms)[0m  [1m[34mSELECT  "chat_rooms".* FROM "chat_rooms" WHERE "chat_rooms"."id" = ? LIMIT ?[0m  [["id", 1], ["LIMIT", 1]]
  [1m[36mMessage Load (0.2ms)[0m  [1m[34mSELECT "messages".* FROM "messages" WHERE "messages"."chat_room_id" = ?[0m  [["chat_room_id", 1]]
Completed 200 OK in 5ms (Views: 2.5ms | ActiveRecord: 0.3ms)


  [1m[36mMessage Load (3.2ms)[0m  [1m[34mSELECT "messages".* FROM "messages"[0m
Started GET "/events/1/chatroom" for ::1 at 2016-12-28 18:45:13 -0800
  [1m[36mActiveRecord::SchemaMigration Load (0.2ms)[0m  [1m[34mSELECT "schema_migrations".* FROM "schema_migrations"[0m
Processing by ChatroomController#show as HTML
  Parameters: {"id"=>"1"}
  [1m[36mUser Load (0.5ms)[0m  [1m[34mSELECT  "users".* FROM "users" WHERE "users"."id" = ? LIMIT ?[0m  [["id", 1], ["LIMIT", 1]]
  [1m[36mChatRoom Load (0.1ms)[0m  [1m[34mSELECT  "chat_rooms".* FROM "chat_rooms" WHERE "chat_rooms"."id" = ? LIMIT ?[0m  [["id", 1], ["LIMIT", 1]]
  [1m[36mMessage Load (0.1ms)[0m  [1m[34mSELECT "messages".* FROM "messages" WHERE "messages"."chat_room_id" = ?[0m  [["chat_room_id", 1]]
Completed 200 OK in 61ms (Views: 10.5ms | ActiveRecord: 2.2ms)


Started GET "/events/1/chatroom" for ::1 at 2016-12-28 18:46:23 -0800
Processing by ChatroomController#show as HTML
  Parameters: {"id"=>"1"}
  [1m[36mUser Load (1.7ms)[0m  [1m[34mSELECT  "users".* FROM "users" WHERE "users"."id" = ? LIMIT ?[0m  [["id", 1], ["LIMIT", 1]]
  [1m[36mChatRoom Load (0.3ms)[0m  [1m[34mSELECT  "chat_rooms".* FROM "chat_rooms" WHERE "chat_rooms"."id" = ? LIMIT ?[0m  [["id", 1], ["LIMIT", 1]]
  [1m[36mMessage Load (0.3ms)[0m  [1m[34mSELECT "messages".* FROM "messages" WHERE "messages"."chat_room_id" = ?[0m  [["chat_room_id", 1]]
Completed 200 OK in 17ms (Views: 4.9ms | ActiveRecord: 2.3ms)


